03-Sep-2024 10:07:12.069 INFO [main] org.apache.catalina.startup.VersionLoggerListener.log Server version name:   Apache Tomcat/10.1.28
03-Sep-2024 10:07:12.071 INFO [main] org.apache.catalina.startup.VersionLoggerListener.log Server built:          Aug 2 2024 15:14:43 UTC
03-Sep-2024 10:07:12.071 INFO [main] org.apache.catalina.startup.VersionLoggerListener.log Server version number: 10.1.28.0
03-Sep-2024 10:07:12.071 INFO [main] org.apache.catalina.startup.VersionLoggerListener.log OS Name:               Linux
03-Sep-2024 10:07:12.072 INFO [main] org.apache.catalina.startup.VersionLoggerListener.log OS Version:            6.1.0-23-amd64
03-Sep-2024 10:07:12.072 INFO [main] org.apache.catalina.startup.VersionLoggerListener.log Architecture:          amd64
03-Sep-2024 10:07:12.072 INFO [main] org.apache.catalina.startup.VersionLoggerListener.log Java Home:             /usr/lib/jvm/java-17-openjdk-amd64
03-Sep-2024 10:07:12.072 INFO [main] org.apache.catalina.startup.VersionLoggerListener.log JVM Version:           17.0.12+7-Debian-2deb12u1
03-Sep-2024 10:07:12.072 INFO [main] org.apache.catalina.startup.VersionLoggerListener.log JVM Vendor:            Debian
03-Sep-2024 10:07:12.072 INFO [main] org.apache.catalina.startup.VersionLoggerListener.log CATALINA_BASE:         /home/infoetu/joshua.collin.etu/Bureau/S5/R5.09/tomcat
03-Sep-2024 10:07:12.072 INFO [main] org.apache.catalina.startup.VersionLoggerListener.log CATALINA_HOME:         /home/infoetu/joshua.collin.etu/Bureau/S5/R5.09/tomcat
03-Sep-2024 10:07:12.091 INFO [main] org.apache.catalina.startup.VersionLoggerListener.log Command line argument: -Djava.util.logging.config.file=/home/infoetu/joshua.collin.etu/Bureau/S5/R5.09/tomcat/conf/logging.properties
03-Sep-2024 10:07:12.091 INFO [main] org.apache.catalina.startup.VersionLoggerListener.log Command line argument: -Djava.util.logging.manager=org.apache.juli.ClassLoaderLogManager
03-Sep-2024 10:07:12.091 INFO [main] org.apache.catalina.startup.VersionLoggerListener.log Command line argument: -Djdk.tls.ephemeralDHKeySize=2048
03-Sep-2024 10:07:12.091 INFO [main] org.apache.catalina.startup.VersionLoggerListener.log Command line argument: -Djava.protocol.handler.pkgs=org.apache.catalina.webresources
03-Sep-2024 10:07:12.091 INFO [main] org.apache.catalina.startup.VersionLoggerListener.log Command line argument: -Dorg.apache.catalina.security.SecurityListener.UMASK=0027
03-Sep-2024 10:07:12.091 INFO [main] org.apache.catalina.startup.VersionLoggerListener.log Command line argument: --add-opens=java.base/java.lang=ALL-UNNAMED
03-Sep-2024 10:07:12.092 INFO [main] org.apache.catalina.startup.VersionLoggerListener.log Command line argument: --add-opens=java.base/java.io=ALL-UNNAMED
03-Sep-2024 10:07:12.092 INFO [main] org.apache.catalina.startup.VersionLoggerListener.log Command line argument: --add-opens=java.base/java.util=ALL-UNNAMED
03-Sep-2024 10:07:12.092 INFO [main] org.apache.catalina.startup.VersionLoggerListener.log Command line argument: --add-opens=java.base/java.util.concurrent=ALL-UNNAMED
03-Sep-2024 10:07:12.092 INFO [main] org.apache.catalina.startup.VersionLoggerListener.log Command line argument: --add-opens=java.rmi/sun.rmi.transport=ALL-UNNAMED
03-Sep-2024 10:07:12.092 INFO [main] org.apache.catalina.startup.VersionLoggerListener.log Command line argument: -Dcatalina.base=/home/infoetu/joshua.collin.etu/Bureau/S5/R5.09/tomcat
03-Sep-2024 10:07:12.092 INFO [main] org.apache.catalina.startup.VersionLoggerListener.log Command line argument: -Dcatalina.home=/home/infoetu/joshua.collin.etu/Bureau/S5/R5.09/tomcat
03-Sep-2024 10:07:12.092 INFO [main] org.apache.catalina.startup.VersionLoggerListener.log Command line argument: -Djava.io.tmpdir=/home/infoetu/joshua.collin.etu/Bureau/S5/R5.09/tomcat/temp
03-Sep-2024 10:07:12.094 INFO [main] org.apache.catalina.core.AprLifecycleListener.lifecycleEvent The Apache Tomcat Native library which allows using OpenSSL was not found on the java.library.path: [/usr/java/packages/lib:/usr/lib/x86_64-linux-gnu/jni:/lib/x86_64-linux-gnu:/usr/lib/x86_64-linux-gnu:/usr/lib/jni:/lib:/usr/lib]
03-Sep-2024 10:07:12.265 INFO [main] org.apache.coyote.AbstractProtocol.init Initializing ProtocolHandler ["http-nio-8080"]
03-Sep-2024 10:07:12.291 INFO [main] org.apache.catalina.startup.Catalina.load Server initialization in [354] milliseconds
03-Sep-2024 10:07:12.325 INFO [main] org.apache.catalina.core.StandardService.startInternal Starting service [Catalina]
03-Sep-2024 10:07:12.325 INFO [main] org.apache.catalina.core.StandardEngine.startInternal Starting Servlet engine: [Apache Tomcat/10.1.28]
03-Sep-2024 10:07:12.335 INFO [main] org.apache.catalina.startup.HostConfig.deployDirectory Deploying web application directory [/home/infoetu/joshua.collin.etu/Bureau/S5/R5.09/tomcat/webapps/ROOT]
03-Sep-2024 10:07:12.626 INFO [main] org.apache.jasper.servlet.TldScanner.scanJars At least one JAR was scanned for TLDs yet contained no TLDs. Enable debug logging for this logger for a complete list of JARs that were scanned but no TLDs were found in them. Skipping unneeded JARs during scanning can improve startup time and JSP compilation time.
03-Sep-2024 10:07:12.650 INFO [main] org.apache.catalina.startup.HostConfig.deployDirectory Deployment of web application directory [/home/infoetu/joshua.collin.etu/Bureau/S5/R5.09/tomcat/webapps/ROOT] has finished in [314] ms
03-Sep-2024 10:07:12.650 INFO [main] org.apache.catalina.startup.HostConfig.deployDirectory Deploying web application directory [/home/infoetu/joshua.collin.etu/Bureau/S5/R5.09/tomcat/webapps/docs]
03-Sep-2024 10:07:12.726 INFO [main] org.apache.jasper.servlet.TldScanner.scanJars At least one JAR was scanned for TLDs yet contained no TLDs. Enable debug logging for this logger for a complete list of JARs that were scanned but no TLDs were found in them. Skipping unneeded JARs during scanning can improve startup time and JSP compilation time.
03-Sep-2024 10:07:12.728 INFO [main] org.apache.catalina.startup.HostConfig.deployDirectory Deployment of web application directory [/home/infoetu/joshua.collin.etu/Bureau/S5/R5.09/tomcat/webapps/docs] has finished in [77] ms
03-Sep-2024 10:07:12.728 INFO [main] org.apache.catalina.startup.HostConfig.deployDirectory Deploying web application directory [/home/infoetu/joshua.collin.etu/Bureau/S5/R5.09/tomcat/webapps/manager]
03-Sep-2024 10:07:12.805 INFO [main] org.apache.jasper.servlet.TldScanner.scanJars At least one JAR was scanned for TLDs yet contained no TLDs. Enable debug logging for this logger for a complete list of JARs that were scanned but no TLDs were found in them. Skipping unneeded JARs during scanning can improve startup time and JSP compilation time.
03-Sep-2024 10:07:12.809 INFO [main] org.apache.catalina.startup.HostConfig.deployDirectory Deployment of web application directory [/home/infoetu/joshua.collin.etu/Bureau/S5/R5.09/tomcat/webapps/manager] has finished in [81] ms
03-Sep-2024 10:07:12.809 INFO [main] org.apache.catalina.startup.HostConfig.deployDirectory Deploying web application directory [/home/infoetu/joshua.collin.etu/Bureau/S5/R5.09/tomcat/webapps/tp5]
03-Sep-2024 10:07:12.883 INFO [main] org.apache.jasper.servlet.TldScanner.scanJars At least one JAR was scanned for TLDs yet contained no TLDs. Enable debug logging for this logger for a complete list of JARs that were scanned but no TLDs were found in them. Skipping unneeded JARs during scanning can improve startup time and JSP compilation time.
03-Sep-2024 10:07:12.887 INFO [main] org.apache.catalina.startup.HostConfig.deployDirectory Deployment of web application directory [/home/infoetu/joshua.collin.etu/Bureau/S5/R5.09/tomcat/webapps/tp5] has finished in [78] ms
03-Sep-2024 10:07:12.887 INFO [main] org.apache.catalina.startup.HostConfig.deployDirectory Deploying web application directory [/home/infoetu/joshua.collin.etu/Bureau/S5/R5.09/tomcat/webapps/host-manager]
03-Sep-2024 10:07:12.957 INFO [main] org.apache.jasper.servlet.TldScanner.scanJars At least one JAR was scanned for TLDs yet contained no TLDs. Enable debug logging for this logger for a complete list of JARs that were scanned but no TLDs were found in them. Skipping unneeded JARs during scanning can improve startup time and JSP compilation time.
03-Sep-2024 10:07:12.958 INFO [main] org.apache.catalina.startup.HostConfig.deployDirectory Deployment of web application directory [/home/infoetu/joshua.collin.etu/Bureau/S5/R5.09/tomcat/webapps/host-manager] has finished in [71] ms
03-Sep-2024 10:07:12.959 INFO [main] org.apache.catalina.startup.HostConfig.deployDirectory Deploying web application directory [/home/infoetu/joshua.collin.etu/Bureau/S5/R5.09/tomcat/webapps/examples]
03-Sep-2024 10:07:13.196 INFO [main] org.apache.jasper.servlet.TldScanner.scanJars At least one JAR was scanned for TLDs yet contained no TLDs. Enable debug logging for this logger for a complete list of JARs that were scanned but no TLDs were found in them. Skipping unneeded JARs during scanning can improve startup time and JSP compilation time.
03-Sep-2024 10:07:13.212 INFO [main] org.apache.catalina.startup.HostConfig.deployDirectory Deployment of web application directory [/home/infoetu/joshua.collin.etu/Bureau/S5/R5.09/tomcat/webapps/examples] has finished in [252] ms
03-Sep-2024 10:07:13.214 INFO [main] org.apache.coyote.AbstractProtocol.start Starting ProtocolHandler ["http-nio-8080"]
03-Sep-2024 10:07:13.222 INFO [main] org.apache.catalina.startup.Catalina.start Server startup in [930] milliseconds
03-Sep-2024 10:09:13.811 INFO [Catalina-utility-1] org.apache.catalina.startup.HostConfig.undeploy Undeploying context [/tp5]
03-Sep-2024 10:09:13.832 INFO [Catalina-utility-1] org.apache.catalina.startup.HostConfig.deployDirectory Deploying web application directory [/home/infoetu/joshua.collin.etu/Bureau/S5/R5.09/tomcat/webapps/tp1]
03-Sep-2024 10:09:13.902 INFO [Catalina-utility-1] org.apache.jasper.servlet.TldScanner.scanJars At least one JAR was scanned for TLDs yet contained no TLDs. Enable debug logging for this logger for a complete list of JARs that were scanned but no TLDs were found in them. Skipping unneeded JARs during scanning can improve startup time and JSP compilation time.
03-Sep-2024 10:09:13.904 INFO [Catalina-utility-1] org.apache.catalina.startup.HostConfig.deployDirectory Deployment of web application directory [/home/infoetu/joshua.collin.etu/Bureau/S5/R5.09/tomcat/webapps/tp1] has finished in [72] ms
03-Sep-2024 10:09:33.908 INFO [Catalina-utility-2] org.apache.catalina.startup.HostConfig.deployDirectory Deploying web application directory [/home/infoetu/joshua.collin.etu/Bureau/S5/R5.09/tomcat/webapps/tp5]
03-Sep-2024 10:09:33.972 INFO [Catalina-utility-2] org.apache.jasper.servlet.TldScanner.scanJars At least one JAR was scanned for TLDs yet contained no TLDs. Enable debug logging for this logger for a complete list of JARs that were scanned but no TLDs were found in them. Skipping unneeded JARs during scanning can improve startup time and JSP compilation time.
03-Sep-2024 10:09:33.974 INFO [Catalina-utility-2] org.apache.catalina.startup.HostConfig.deployDirectory Deployment of web application directory [/home/infoetu/joshua.collin.etu/Bureau/S5/R5.09/tomcat/webapps/tp5] has finished in [66] ms
03-Sep-2024 10:26:55.079 INFO [Thread-1] org.apache.coyote.AbstractProtocol.pause Pausing ProtocolHandler ["http-nio-8080"]
03-Sep-2024 10:26:55.086 INFO [Thread-1] org.apache.catalina.core.StandardService.stopInternal Stopping service [Catalina]
03-Sep-2024 10:26:55.123 INFO [Thread-1] org.apache.coyote.AbstractProtocol.stop Stopping ProtocolHandler ["http-nio-8080"]
03-Sep-2024 10:26:55.133 INFO [Thread-1] org.apache.coyote.AbstractProtocol.destroy Destroying ProtocolHandler ["http-nio-8080"]
03-Sep-2024 10:26:56.636 INFO [main] org.apache.catalina.startup.VersionLoggerListener.log Server version name:   Apache Tomcat/10.1.28
03-Sep-2024 10:26:56.639 INFO [main] org.apache.catalina.startup.VersionLoggerListener.log Server built:          Aug 2 2024 15:14:43 UTC
03-Sep-2024 10:26:56.639 INFO [main] org.apache.catalina.startup.VersionLoggerListener.log Server version number: 10.1.28.0
03-Sep-2024 10:26:56.639 INFO [main] org.apache.catalina.startup.VersionLoggerListener.log OS Name:               Linux
03-Sep-2024 10:26:56.639 INFO [main] org.apache.catalina.startup.VersionLoggerListener.log OS Version:            6.1.0-23-amd64
03-Sep-2024 10:26:56.639 INFO [main] org.apache.catalina.startup.VersionLoggerListener.log Architecture:          amd64
03-Sep-2024 10:26:56.639 INFO [main] org.apache.catalina.startup.VersionLoggerListener.log Java Home:             /usr/lib/jvm/java-17-openjdk-amd64
03-Sep-2024 10:26:56.640 INFO [main] org.apache.catalina.startup.VersionLoggerListener.log JVM Version:           17.0.12+7-Debian-2deb12u1
03-Sep-2024 10:26:56.640 INFO [main] org.apache.catalina.startup.VersionLoggerListener.log JVM Vendor:            Debian
03-Sep-2024 10:26:56.640 INFO [main] org.apache.catalina.startup.VersionLoggerListener.log CATALINA_BASE:         /home/infoetu/joshua.collin.etu/Bureau/S5/R5.09/tomcat
03-Sep-2024 10:26:56.640 INFO [main] org.apache.catalina.startup.VersionLoggerListener.log CATALINA_HOME:         /home/infoetu/joshua.collin.etu/Bureau/S5/R5.09/tomcat
03-Sep-2024 10:26:56.646 INFO [main] org.apache.catalina.startup.VersionLoggerListener.log Command line argument: -Djava.util.logging.config.file=/home/infoetu/joshua.collin.etu/Bureau/S5/R5.09/tomcat/conf/logging.properties
03-Sep-2024 10:26:56.646 INFO [main] org.apache.catalina.startup.VersionLoggerListener.log Command line argument: -Djava.util.logging.manager=org.apache.juli.ClassLoaderLogManager
03-Sep-2024 10:26:56.646 INFO [main] org.apache.catalina.startup.VersionLoggerListener.log Command line argument: -Djdk.tls.ephemeralDHKeySize=2048
03-Sep-2024 10:26:56.646 INFO [main] org.apache.catalina.startup.VersionLoggerListener.log Command line argument: -Djava.protocol.handler.pkgs=org.apache.catalina.webresources
03-Sep-2024 10:26:56.646 INFO [main] org.apache.catalina.startup.VersionLoggerListener.log Command line argument: -Dorg.apache.catalina.security.SecurityListener.UMASK=0027
03-Sep-2024 10:26:56.646 INFO [main] org.apache.catalina.startup.VersionLoggerListener.log Command line argument: --add-opens=java.base/java.lang=ALL-UNNAMED
03-Sep-2024 10:26:56.646 INFO [main] org.apache.catalina.startup.VersionLoggerListener.log Command line argument: --add-opens=java.base/java.io=ALL-UNNAMED
03-Sep-2024 10:26:56.646 INFO [main] org.apache.catalina.startup.VersionLoggerListener.log Command line argument: --add-opens=java.base/java.util=ALL-UNNAMED
03-Sep-2024 10:26:56.646 INFO [main] org.apache.catalina.startup.VersionLoggerListener.log Command line argument: --add-opens=java.base/java.util.concurrent=ALL-UNNAMED
03-Sep-2024 10:26:56.646 INFO [main] org.apache.catalina.startup.VersionLoggerListener.log Command line argument: --add-opens=java.rmi/sun.rmi.transport=ALL-UNNAMED
03-Sep-2024 10:26:56.646 INFO [main] org.apache.catalina.startup.VersionLoggerListener.log Command line argument: -Dcatalina.base=/home/infoetu/joshua.collin.etu/Bureau/S5/R5.09/tomcat
03-Sep-2024 10:26:56.646 INFO [main] org.apache.catalina.startup.VersionLoggerListener.log Command line argument: -Dcatalina.home=/home/infoetu/joshua.collin.etu/Bureau/S5/R5.09/tomcat
03-Sep-2024 10:26:56.647 INFO [main] org.apache.catalina.startup.VersionLoggerListener.log Command line argument: -Djava.io.tmpdir=/home/infoetu/joshua.collin.etu/Bureau/S5/R5.09/tomcat/temp
03-Sep-2024 10:26:56.648 INFO [main] org.apache.catalina.core.AprLifecycleListener.lifecycleEvent The Apache Tomcat Native library which allows using OpenSSL was not found on the java.library.path: [/usr/java/packages/lib:/usr/lib/x86_64-linux-gnu/jni:/lib/x86_64-linux-gnu:/usr/lib/x86_64-linux-gnu:/usr/lib/jni:/lib:/usr/lib]
03-Sep-2024 10:26:56.807 INFO [main] org.apache.coyote.AbstractProtocol.init Initializing ProtocolHandler ["http-nio-8080"]
03-Sep-2024 10:26:56.822 INFO [main] org.apache.catalina.startup.Catalina.load Server initialization in [289] milliseconds
03-Sep-2024 10:26:56.843 INFO [main] org.apache.catalina.core.StandardService.startInternal Starting service [Catalina]
03-Sep-2024 10:26:56.843 INFO [main] org.apache.catalina.core.StandardEngine.startInternal Starting Servlet engine: [Apache Tomcat/10.1.28]
03-Sep-2024 10:26:56.849 INFO [main] org.apache.catalina.startup.HostConfig.deployDirectory Deploying web application directory [/home/infoetu/joshua.collin.etu/Bureau/S5/R5.09/tomcat/webapps/tp1]
03-Sep-2024 10:26:57.096 INFO [main] org.apache.jasper.servlet.TldScanner.scanJars At least one JAR was scanned for TLDs yet contained no TLDs. Enable debug logging for this logger for a complete list of JARs that were scanned but no TLDs were found in them. Skipping unneeded JARs during scanning can improve startup time and JSP compilation time.
03-Sep-2024 10:26:57.124 INFO [main] org.apache.catalina.startup.HostConfig.deployDirectory Deployment of web application directory [/home/infoetu/joshua.collin.etu/Bureau/S5/R5.09/tomcat/webapps/tp1] has finished in [275] ms
03-Sep-2024 10:26:57.124 INFO [main] org.apache.catalina.startup.HostConfig.deployDirectory Deploying web application directory [/home/infoetu/joshua.collin.etu/Bureau/S5/R5.09/tomcat/webapps/ROOT]
03-Sep-2024 10:26:57.198 INFO [main] org.apache.jasper.servlet.TldScanner.scanJars At least one JAR was scanned for TLDs yet contained no TLDs. Enable debug logging for this logger for a complete list of JARs that were scanned but no TLDs were found in them. Skipping unneeded JARs during scanning can improve startup time and JSP compilation time.
03-Sep-2024 10:26:57.199 INFO [main] org.apache.catalina.startup.HostConfig.deployDirectory Deployment of web application directory [/home/infoetu/joshua.collin.etu/Bureau/S5/R5.09/tomcat/webapps/ROOT] has finished in [75] ms
03-Sep-2024 10:26:57.199 INFO [main] org.apache.catalina.startup.HostConfig.deployDirectory Deploying web application directory [/home/infoetu/joshua.collin.etu/Bureau/S5/R5.09/tomcat/webapps/docs]
03-Sep-2024 10:26:57.270 INFO [main] org.apache.jasper.servlet.TldScanner.scanJars At least one JAR was scanned for TLDs yet contained no TLDs. Enable debug logging for this logger for a complete list of JARs that were scanned but no TLDs were found in them. Skipping unneeded JARs during scanning can improve startup time and JSP compilation time.
03-Sep-2024 10:26:57.271 INFO [main] org.apache.catalina.startup.HostConfig.deployDirectory Deployment of web application directory [/home/infoetu/joshua.collin.etu/Bureau/S5/R5.09/tomcat/webapps/docs] has finished in [72] ms
03-Sep-2024 10:26:57.271 INFO [main] org.apache.catalina.startup.HostConfig.deployDirectory Deploying web application directory [/home/infoetu/joshua.collin.etu/Bureau/S5/R5.09/tomcat/webapps/manager]
03-Sep-2024 10:26:57.344 INFO [main] org.apache.jasper.servlet.TldScanner.scanJars At least one JAR was scanned for TLDs yet contained no TLDs. Enable debug logging for this logger for a complete list of JARs that were scanned but no TLDs were found in them. Skipping unneeded JARs during scanning can improve startup time and JSP compilation time.
03-Sep-2024 10:26:57.348 INFO [main] org.apache.catalina.startup.HostConfig.deployDirectory Deployment of web application directory [/home/infoetu/joshua.collin.etu/Bureau/S5/R5.09/tomcat/webapps/manager] has finished in [77] ms
03-Sep-2024 10:26:57.348 INFO [main] org.apache.catalina.startup.HostConfig.deployDirectory Deploying web application directory [/home/infoetu/joshua.collin.etu/Bureau/S5/R5.09/tomcat/webapps/tp5]
03-Sep-2024 10:26:57.410 INFO [main] org.apache.jasper.servlet.TldScanner.scanJars At least one JAR was scanned for TLDs yet contained no TLDs. Enable debug logging for this logger for a complete list of JARs that were scanned but no TLDs were found in them. Skipping unneeded JARs during scanning can improve startup time and JSP compilation time.
03-Sep-2024 10:26:57.411 INFO [main] org.apache.catalina.startup.HostConfig.deployDirectory Deployment of web application directory [/home/infoetu/joshua.collin.etu/Bureau/S5/R5.09/tomcat/webapps/tp5] has finished in [63] ms
03-Sep-2024 10:26:57.411 INFO [main] org.apache.catalina.startup.HostConfig.deployDirectory Deploying web application directory [/home/infoetu/joshua.collin.etu/Bureau/S5/R5.09/tomcat/webapps/host-manager]
03-Sep-2024 10:26:57.477 INFO [main] org.apache.jasper.servlet.TldScanner.scanJars At least one JAR was scanned for TLDs yet contained no TLDs. Enable debug logging for this logger for a complete list of JARs that were scanned but no TLDs were found in them. Skipping unneeded JARs during scanning can improve startup time and JSP compilation time.
03-Sep-2024 10:26:57.478 INFO [main] org.apache.catalina.startup.HostConfig.deployDirectory Deployment of web application directory [/home/infoetu/joshua.collin.etu/Bureau/S5/R5.09/tomcat/webapps/host-manager] has finished in [67] ms
03-Sep-2024 10:26:57.478 INFO [main] org.apache.catalina.startup.HostConfig.deployDirectory Deploying web application directory [/home/infoetu/joshua.collin.etu/Bureau/S5/R5.09/tomcat/webapps/examples]
03-Sep-2024 10:26:57.704 INFO [main] org.apache.jasper.servlet.TldScanner.scanJars At least one JAR was scanned for TLDs yet contained no TLDs. Enable debug logging for this logger for a complete list of JARs that were scanned but no TLDs were found in them. Skipping unneeded JARs during scanning can improve startup time and JSP compilation time.
03-Sep-2024 10:26:57.720 INFO [main] org.apache.catalina.startup.HostConfig.deployDirectory Deployment of web application directory [/home/infoetu/joshua.collin.etu/Bureau/S5/R5.09/tomcat/webapps/examples] has finished in [242] ms
03-Sep-2024 10:26:57.722 INFO [main] org.apache.coyote.AbstractProtocol.start Starting ProtocolHandler ["http-nio-8080"]
03-Sep-2024 10:26:57.731 INFO [main] org.apache.catalina.startup.Catalina.start Server startup in [908] milliseconds
03-Sep-2024 10:28:27.783 INFO [Catalina-utility-1] org.apache.catalina.core.StandardContext.reload Reloading Context with name [/tp1] has started
03-Sep-2024 10:28:27.852 INFO [Catalina-utility-1] org.apache.jasper.servlet.TldScanner.scanJars At least one JAR was scanned for TLDs yet contained no TLDs. Enable debug logging for this logger for a complete list of JARs that were scanned but no TLDs were found in them. Skipping unneeded JARs during scanning can improve startup time and JSP compilation time.
03-Sep-2024 10:28:27.853 INFO [Catalina-utility-1] org.apache.catalina.core.StandardContext.reload Reloading Context with name [/tp1] is completed
03-Sep-2024 10:33:28.085 INFO [Catalina-utility-2] org.apache.catalina.core.StandardContext.reload Reloading Context with name [/tp1] has started
03-Sep-2024 10:33:28.158 INFO [Catalina-utility-2] org.apache.jasper.servlet.TldScanner.scanJars At least one JAR was scanned for TLDs yet contained no TLDs. Enable debug logging for this logger for a complete list of JARs that were scanned but no TLDs were found in them. Skipping unneeded JARs during scanning can improve startup time and JSP compilation time.
03-Sep-2024 10:33:28.159 INFO [Catalina-utility-2] org.apache.catalina.core.StandardContext.reload Reloading Context with name [/tp1] is completed
03-Sep-2024 10:34:02.968 INFO [Thread-1] org.apache.coyote.AbstractProtocol.pause Pausing ProtocolHandler ["http-nio-8080"]
03-Sep-2024 10:34:02.971 INFO [Thread-1] org.apache.catalina.core.StandardService.stopInternal Stopping service [Catalina]
03-Sep-2024 10:34:02.982 INFO [Thread-1] org.apache.coyote.AbstractProtocol.stop Stopping ProtocolHandler ["http-nio-8080"]
03-Sep-2024 10:34:02.994 INFO [Thread-1] org.apache.coyote.AbstractProtocol.destroy Destroying ProtocolHandler ["http-nio-8080"]
03-Sep-2024 10:34:06.828 INFO [main] org.apache.catalina.startup.VersionLoggerListener.log Server version name:   Apache Tomcat/10.1.28
03-Sep-2024 10:34:06.830 INFO [main] org.apache.catalina.startup.VersionLoggerListener.log Server built:          Aug 2 2024 15:14:43 UTC
03-Sep-2024 10:34:06.830 INFO [main] org.apache.catalina.startup.VersionLoggerListener.log Server version number: 10.1.28.0
03-Sep-2024 10:34:06.830 INFO [main] org.apache.catalina.startup.VersionLoggerListener.log OS Name:               Linux
03-Sep-2024 10:34:06.830 INFO [main] org.apache.catalina.startup.VersionLoggerListener.log OS Version:            6.1.0-23-amd64
03-Sep-2024 10:34:06.830 INFO [main] org.apache.catalina.startup.VersionLoggerListener.log Architecture:          amd64
03-Sep-2024 10:34:06.830 INFO [main] org.apache.catalina.startup.VersionLoggerListener.log Java Home:             /usr/lib/jvm/java-17-openjdk-amd64
03-Sep-2024 10:34:06.831 INFO [main] org.apache.catalina.startup.VersionLoggerListener.log JVM Version:           17.0.12+7-Debian-2deb12u1
03-Sep-2024 10:34:06.831 INFO [main] org.apache.catalina.startup.VersionLoggerListener.log JVM Vendor:            Debian
03-Sep-2024 10:34:06.831 INFO [main] org.apache.catalina.startup.VersionLoggerListener.log CATALINA_BASE:         /home/infoetu/joshua.collin.etu/Bureau/S5/R5.09/tomcat
03-Sep-2024 10:34:06.831 INFO [main] org.apache.catalina.startup.VersionLoggerListener.log CATALINA_HOME:         /home/infoetu/joshua.collin.etu/Bureau/S5/R5.09/tomcat
03-Sep-2024 10:34:06.836 INFO [main] org.apache.catalina.startup.VersionLoggerListener.log Command line argument: -Djava.util.logging.config.file=/home/infoetu/joshua.collin.etu/Bureau/S5/R5.09/tomcat/conf/logging.properties
03-Sep-2024 10:34:06.836 INFO [main] org.apache.catalina.startup.VersionLoggerListener.log Command line argument: -Djava.util.logging.manager=org.apache.juli.ClassLoaderLogManager
03-Sep-2024 10:34:06.836 INFO [main] org.apache.catalina.startup.VersionLoggerListener.log Command line argument: -Djdk.tls.ephemeralDHKeySize=2048
03-Sep-2024 10:34:06.836 INFO [main] org.apache.catalina.startup.VersionLoggerListener.log Command line argument: -Djava.protocol.handler.pkgs=org.apache.catalina.webresources
03-Sep-2024 10:34:06.836 INFO [main] org.apache.catalina.startup.VersionLoggerListener.log Command line argument: -Dorg.apache.catalina.security.SecurityListener.UMASK=0027
03-Sep-2024 10:34:06.836 INFO [main] org.apache.catalina.startup.VersionLoggerListener.log Command line argument: --add-opens=java.base/java.lang=ALL-UNNAMED
03-Sep-2024 10:34:06.836 INFO [main] org.apache.catalina.startup.VersionLoggerListener.log Command line argument: --add-opens=java.base/java.io=ALL-UNNAMED
03-Sep-2024 10:34:06.836 INFO [main] org.apache.catalina.startup.VersionLoggerListener.log Command line argument: --add-opens=java.base/java.util=ALL-UNNAMED
03-Sep-2024 10:34:06.836 INFO [main] org.apache.catalina.startup.VersionLoggerListener.log Command line argument: --add-opens=java.base/java.util.concurrent=ALL-UNNAMED
03-Sep-2024 10:34:06.836 INFO [main] org.apache.catalina.startup.VersionLoggerListener.log Command line argument: --add-opens=java.rmi/sun.rmi.transport=ALL-UNNAMED
03-Sep-2024 10:34:06.837 INFO [main] org.apache.catalina.startup.VersionLoggerListener.log Command line argument: -Dcatalina.base=/home/infoetu/joshua.collin.etu/Bureau/S5/R5.09/tomcat
03-Sep-2024 10:34:06.837 INFO [main] org.apache.catalina.startup.VersionLoggerListener.log Command line argument: -Dcatalina.home=/home/infoetu/joshua.collin.etu/Bureau/S5/R5.09/tomcat
03-Sep-2024 10:34:06.837 INFO [main] org.apache.catalina.startup.VersionLoggerListener.log Command line argument: -Djava.io.tmpdir=/home/infoetu/joshua.collin.etu/Bureau/S5/R5.09/tomcat/temp
03-Sep-2024 10:34:06.838 INFO [main] org.apache.catalina.core.AprLifecycleListener.lifecycleEvent The Apache Tomcat Native library which allows using OpenSSL was not found on the java.library.path: [/usr/java/packages/lib:/usr/lib/x86_64-linux-gnu/jni:/lib/x86_64-linux-gnu:/usr/lib/x86_64-linux-gnu:/usr/lib/jni:/lib:/usr/lib]
03-Sep-2024 10:34:06.986 INFO [main] org.apache.coyote.AbstractProtocol.init Initializing ProtocolHandler ["http-nio-8080"]
03-Sep-2024 10:34:06.999 INFO [main] org.apache.catalina.startup.Catalina.load Server initialization in [264] milliseconds
03-Sep-2024 10:34:07.020 INFO [main] org.apache.catalina.core.StandardService.startInternal Starting service [Catalina]
03-Sep-2024 10:34:07.021 INFO [main] org.apache.catalina.core.StandardEngine.startInternal Starting Servlet engine: [Apache Tomcat/10.1.28]
03-Sep-2024 10:34:07.026 INFO [main] org.apache.catalina.startup.HostConfig.deployDirectory Deploying web application directory [/home/infoetu/joshua.collin.etu/Bureau/S5/R5.09/tomcat/webapps/tp1]
03-Sep-2024 10:34:07.260 INFO [main] org.apache.jasper.servlet.TldScanner.scanJars At least one JAR was scanned for TLDs yet contained no TLDs. Enable debug logging for this logger for a complete list of JARs that were scanned but no TLDs were found in them. Skipping unneeded JARs during scanning can improve startup time and JSP compilation time.
03-Sep-2024 10:34:07.278 INFO [main] org.apache.catalina.startup.HostConfig.deployDirectory Deployment of web application directory [/home/infoetu/joshua.collin.etu/Bureau/S5/R5.09/tomcat/webapps/tp1] has finished in [252] ms
03-Sep-2024 10:34:07.278 INFO [main] org.apache.catalina.startup.HostConfig.deployDirectory Deploying web application directory [/home/infoetu/joshua.collin.etu/Bureau/S5/R5.09/tomcat/webapps/ROOT]
03-Sep-2024 10:34:07.348 INFO [main] org.apache.jasper.servlet.TldScanner.scanJars At least one JAR was scanned for TLDs yet contained no TLDs. Enable debug logging for this logger for a complete list of JARs that were scanned but no TLDs were found in them. Skipping unneeded JARs during scanning can improve startup time and JSP compilation time.
03-Sep-2024 10:34:07.349 INFO [main] org.apache.catalina.startup.HostConfig.deployDirectory Deployment of web application directory [/home/infoetu/joshua.collin.etu/Bureau/S5/R5.09/tomcat/webapps/ROOT] has finished in [71] ms
03-Sep-2024 10:34:07.350 INFO [main] org.apache.catalina.startup.HostConfig.deployDirectory Deploying web application directory [/home/infoetu/joshua.collin.etu/Bureau/S5/R5.09/tomcat/webapps/docs]
03-Sep-2024 10:34:07.420 INFO [main] org.apache.jasper.servlet.TldScanner.scanJars At least one JAR was scanned for TLDs yet contained no TLDs. Enable debug logging for this logger for a complete list of JARs that were scanned but no TLDs were found in them. Skipping unneeded JARs during scanning can improve startup time and JSP compilation time.
03-Sep-2024 10:34:07.421 INFO [main] org.apache.catalina.startup.HostConfig.deployDirectory Deployment of web application directory [/home/infoetu/joshua.collin.etu/Bureau/S5/R5.09/tomcat/webapps/docs] has finished in [70] ms
03-Sep-2024 10:34:07.421 INFO [main] org.apache.catalina.startup.HostConfig.deployDirectory Deploying web application directory [/home/infoetu/joshua.collin.etu/Bureau/S5/R5.09/tomcat/webapps/manager]
03-Sep-2024 10:34:07.493 INFO [main] org.apache.jasper.servlet.TldScanner.scanJars At least one JAR was scanned for TLDs yet contained no TLDs. Enable debug logging for this logger for a complete list of JARs that were scanned but no TLDs were found in them. Skipping unneeded JARs during scanning can improve startup time and JSP compilation time.
03-Sep-2024 10:34:07.497 INFO [main] org.apache.catalina.startup.HostConfig.deployDirectory Deployment of web application directory [/home/infoetu/joshua.collin.etu/Bureau/S5/R5.09/tomcat/webapps/manager] has finished in [75] ms
03-Sep-2024 10:34:07.497 INFO [main] org.apache.catalina.startup.HostConfig.deployDirectory Deploying web application directory [/home/infoetu/joshua.collin.etu/Bureau/S5/R5.09/tomcat/webapps/tp5]
03-Sep-2024 10:34:07.558 INFO [main] org.apache.jasper.servlet.TldScanner.scanJars At least one JAR was scanned for TLDs yet contained no TLDs. Enable debug logging for this logger for a complete list of JARs that were scanned but no TLDs were found in them. Skipping unneeded JARs during scanning can improve startup time and JSP compilation time.
03-Sep-2024 10:34:07.559 INFO [main] org.apache.catalina.startup.HostConfig.deployDirectory Deployment of web application directory [/home/infoetu/joshua.collin.etu/Bureau/S5/R5.09/tomcat/webapps/tp5] has finished in [62] ms
03-Sep-2024 10:34:07.559 INFO [main] org.apache.catalina.startup.HostConfig.deployDirectory Deploying web application directory [/home/infoetu/joshua.collin.etu/Bureau/S5/R5.09/tomcat/webapps/host-manager]
03-Sep-2024 10:34:07.627 INFO [main] org.apache.jasper.servlet.TldScanner.scanJars At least one JAR was scanned for TLDs yet contained no TLDs. Enable debug logging for this logger for a complete list of JARs that were scanned but no TLDs were found in them. Skipping unneeded JARs during scanning can improve startup time and JSP compilation time.
03-Sep-2024 10:34:07.628 INFO [main] org.apache.catalina.startup.HostConfig.deployDirectory Deployment of web application directory [/home/infoetu/joshua.collin.etu/Bureau/S5/R5.09/tomcat/webapps/host-manager] has finished in [69] ms
03-Sep-2024 10:34:07.628 INFO [main] org.apache.catalina.startup.HostConfig.deployDirectory Deploying web application directory [/home/infoetu/joshua.collin.etu/Bureau/S5/R5.09/tomcat/webapps/examples]
03-Sep-2024 10:34:07.849 INFO [main] org.apache.jasper.servlet.TldScanner.scanJars At least one JAR was scanned for TLDs yet contained no TLDs. Enable debug logging for this logger for a complete list of JARs that were scanned but no TLDs were found in them. Skipping unneeded JARs during scanning can improve startup time and JSP compilation time.
03-Sep-2024 10:34:07.862 INFO [main] org.apache.catalina.startup.HostConfig.deployDirectory Deployment of web application directory [/home/infoetu/joshua.collin.etu/Bureau/S5/R5.09/tomcat/webapps/examples] has finished in [234] ms
03-Sep-2024 10:34:07.864 INFO [main] org.apache.coyote.AbstractProtocol.start Starting ProtocolHandler ["http-nio-8080"]
03-Sep-2024 10:34:07.870 INFO [main] org.apache.catalina.startup.Catalina.start Server startup in [871] milliseconds
03-Sep-2024 10:34:37.883 INFO [Catalina-utility-1] org.apache.catalina.core.StandardContext.reload Reloading Context with name [/tp1] has started
03-Sep-2024 10:34:37.958 INFO [Catalina-utility-1] org.apache.jasper.servlet.TldScanner.scanJars At least one JAR was scanned for TLDs yet contained no TLDs. Enable debug logging for this logger for a complete list of JARs that were scanned but no TLDs were found in them. Skipping unneeded JARs during scanning can improve startup time and JSP compilation time.
03-Sep-2024 10:34:37.959 INFO [Catalina-utility-1] org.apache.catalina.core.StandardContext.reload Reloading Context with name [/tp1] is completed
03-Sep-2024 11:09:09.546 INFO [Catalina-utility-1] org.apache.catalina.core.StandardContext.reload Reloading Context with name [/tp1] has started
03-Sep-2024 11:09:09.637 INFO [Catalina-utility-1] org.apache.jasper.servlet.TldScanner.scanJars At least one JAR was scanned for TLDs yet contained no TLDs. Enable debug logging for this logger for a complete list of JARs that were scanned but no TLDs were found in them. Skipping unneeded JARs during scanning can improve startup time and JSP compilation time.
03-Sep-2024 11:09:09.638 INFO [Catalina-utility-1] org.apache.catalina.core.StandardContext.reload Reloading Context with name [/tp1] is completed
03-Sep-2024 11:09:50.081 INFO [Thread-1] org.apache.coyote.AbstractProtocol.pause Pausing ProtocolHandler ["http-nio-8080"]
03-Sep-2024 11:09:50.083 INFO [Thread-1] org.apache.catalina.core.StandardService.stopInternal Stopping service [Catalina]
03-Sep-2024 11:09:50.099 INFO [Thread-1] org.apache.coyote.AbstractProtocol.stop Stopping ProtocolHandler ["http-nio-8080"]
03-Sep-2024 11:09:50.107 INFO [Thread-1] org.apache.coyote.AbstractProtocol.destroy Destroying ProtocolHandler ["http-nio-8080"]
03-Sep-2024 11:09:53.021 INFO [main] org.apache.catalina.startup.VersionLoggerListener.log Server version name:   Apache Tomcat/10.1.28
03-Sep-2024 11:09:53.023 INFO [main] org.apache.catalina.startup.VersionLoggerListener.log Server built:          Aug 2 2024 15:14:43 UTC
03-Sep-2024 11:09:53.023 INFO [main] org.apache.catalina.startup.VersionLoggerListener.log Server version number: 10.1.28.0
03-Sep-2024 11:09:53.023 INFO [main] org.apache.catalina.startup.VersionLoggerListener.log OS Name:               Linux
03-Sep-2024 11:09:53.023 INFO [main] org.apache.catalina.startup.VersionLoggerListener.log OS Version:            6.1.0-23-amd64
03-Sep-2024 11:09:53.023 INFO [main] org.apache.catalina.startup.VersionLoggerListener.log Architecture:          amd64
03-Sep-2024 11:09:53.023 INFO [main] org.apache.catalina.startup.VersionLoggerListener.log Java Home:             /usr/lib/jvm/java-17-openjdk-amd64
03-Sep-2024 11:09:53.023 INFO [main] org.apache.catalina.startup.VersionLoggerListener.log JVM Version:           17.0.12+7-Debian-2deb12u1
03-Sep-2024 11:09:53.023 INFO [main] org.apache.catalina.startup.VersionLoggerListener.log JVM Vendor:            Debian
03-Sep-2024 11:09:53.023 INFO [main] org.apache.catalina.startup.VersionLoggerListener.log CATALINA_BASE:         /home/infoetu/joshua.collin.etu/Bureau/S5/R5.09/tomcat
03-Sep-2024 11:09:53.023 INFO [main] org.apache.catalina.startup.VersionLoggerListener.log CATALINA_HOME:         /home/infoetu/joshua.collin.etu/Bureau/S5/R5.09/tomcat
03-Sep-2024 11:09:53.029 INFO [main] org.apache.catalina.startup.VersionLoggerListener.log Command line argument: -Djava.util.logging.config.file=/home/infoetu/joshua.collin.etu/Bureau/S5/R5.09/tomcat/conf/logging.properties
03-Sep-2024 11:09:53.029 INFO [main] org.apache.catalina.startup.VersionLoggerListener.log Command line argument: -Djava.util.logging.manager=org.apache.juli.ClassLoaderLogManager
03-Sep-2024 11:09:53.029 INFO [main] org.apache.catalina.startup.VersionLoggerListener.log Command line argument: -Djdk.tls.ephemeralDHKeySize=2048
03-Sep-2024 11:09:53.029 INFO [main] org.apache.catalina.startup.VersionLoggerListener.log Command line argument: -Djava.protocol.handler.pkgs=org.apache.catalina.webresources
03-Sep-2024 11:09:53.029 INFO [main] org.apache.catalina.startup.VersionLoggerListener.log Command line argument: -Dorg.apache.catalina.security.SecurityListener.UMASK=0027
03-Sep-2024 11:09:53.029 INFO [main] org.apache.catalina.startup.VersionLoggerListener.log Command line argument: --add-opens=java.base/java.lang=ALL-UNNAMED
03-Sep-2024 11:09:53.029 INFO [main] org.apache.catalina.startup.VersionLoggerListener.log Command line argument: --add-opens=java.base/java.io=ALL-UNNAMED
03-Sep-2024 11:09:53.029 INFO [main] org.apache.catalina.startup.VersionLoggerListener.log Command line argument: --add-opens=java.base/java.util=ALL-UNNAMED
03-Sep-2024 11:09:53.029 INFO [main] org.apache.catalina.startup.VersionLoggerListener.log Command line argument: --add-opens=java.base/java.util.concurrent=ALL-UNNAMED
03-Sep-2024 11:09:53.029 INFO [main] org.apache.catalina.startup.VersionLoggerListener.log Command line argument: --add-opens=java.rmi/sun.rmi.transport=ALL-UNNAMED
03-Sep-2024 11:09:53.029 INFO [main] org.apache.catalina.startup.VersionLoggerListener.log Command line argument: -Dcatalina.base=/home/infoetu/joshua.collin.etu/Bureau/S5/R5.09/tomcat
03-Sep-2024 11:09:53.030 INFO [main] org.apache.catalina.startup.VersionLoggerListener.log Command line argument: -Dcatalina.home=/home/infoetu/joshua.collin.etu/Bureau/S5/R5.09/tomcat
03-Sep-2024 11:09:53.030 INFO [main] org.apache.catalina.startup.VersionLoggerListener.log Command line argument: -Djava.io.tmpdir=/home/infoetu/joshua.collin.etu/Bureau/S5/R5.09/tomcat/temp
03-Sep-2024 11:09:53.030 INFO [main] org.apache.catalina.core.AprLifecycleListener.lifecycleEvent The Apache Tomcat Native library which allows using OpenSSL was not found on the java.library.path: [/usr/java/packages/lib:/usr/lib/x86_64-linux-gnu/jni:/lib/x86_64-linux-gnu:/usr/lib/x86_64-linux-gnu:/usr/lib/jni:/lib:/usr/lib]
03-Sep-2024 11:09:53.178 INFO [main] org.apache.coyote.AbstractProtocol.init Initializing ProtocolHandler ["http-nio-8080"]
03-Sep-2024 11:09:53.191 INFO [main] org.apache.catalina.startup.Catalina.load Server initialization in [261] milliseconds
03-Sep-2024 11:09:53.212 INFO [main] org.apache.catalina.core.StandardService.startInternal Starting service [Catalina]
03-Sep-2024 11:09:53.212 INFO [main] org.apache.catalina.core.StandardEngine.startInternal Starting Servlet engine: [Apache Tomcat/10.1.28]
03-Sep-2024 11:09:53.217 INFO [main] org.apache.catalina.startup.HostConfig.deployDirectory Deploying web application directory [/home/infoetu/joshua.collin.etu/Bureau/S5/R5.09/tomcat/webapps/tp1]
03-Sep-2024 11:09:53.452 INFO [main] org.apache.jasper.servlet.TldScanner.scanJars At least one JAR was scanned for TLDs yet contained no TLDs. Enable debug logging for this logger for a complete list of JARs that were scanned but no TLDs were found in them. Skipping unneeded JARs during scanning can improve startup time and JSP compilation time.
03-Sep-2024 11:09:53.471 INFO [main] org.apache.catalina.startup.HostConfig.deployDirectory Deployment of web application directory [/home/infoetu/joshua.collin.etu/Bureau/S5/R5.09/tomcat/webapps/tp1] has finished in [254] ms
03-Sep-2024 11:09:53.471 INFO [main] org.apache.catalina.startup.HostConfig.deployDirectory Deploying web application directory [/home/infoetu/joshua.collin.etu/Bureau/S5/R5.09/tomcat/webapps/ROOT]
03-Sep-2024 11:09:53.543 INFO [main] org.apache.jasper.servlet.TldScanner.scanJars At least one JAR was scanned for TLDs yet contained no TLDs. Enable debug logging for this logger for a complete list of JARs that were scanned but no TLDs were found in them. Skipping unneeded JARs during scanning can improve startup time and JSP compilation time.
03-Sep-2024 11:09:53.544 INFO [main] org.apache.catalina.startup.HostConfig.deployDirectory Deployment of web application directory [/home/infoetu/joshua.collin.etu/Bureau/S5/R5.09/tomcat/webapps/ROOT] has finished in [72] ms
03-Sep-2024 11:09:53.544 INFO [main] org.apache.catalina.startup.HostConfig.deployDirectory Deploying web application directory [/home/infoetu/joshua.collin.etu/Bureau/S5/R5.09/tomcat/webapps/docs]
03-Sep-2024 11:09:53.613 INFO [main] org.apache.jasper.servlet.TldScanner.scanJars At least one JAR was scanned for TLDs yet contained no TLDs. Enable debug logging for this logger for a complete list of JARs that were scanned but no TLDs were found in them. Skipping unneeded JARs during scanning can improve startup time and JSP compilation time.
03-Sep-2024 11:09:53.614 INFO [main] org.apache.catalina.startup.HostConfig.deployDirectory Deployment of web application directory [/home/infoetu/joshua.collin.etu/Bureau/S5/R5.09/tomcat/webapps/docs] has finished in [70] ms
03-Sep-2024 11:09:53.615 INFO [main] org.apache.catalina.startup.HostConfig.deployDirectory Deploying web application directory [/home/infoetu/joshua.collin.etu/Bureau/S5/R5.09/tomcat/webapps/manager]
03-Sep-2024 11:09:53.686 INFO [main] org.apache.jasper.servlet.TldScanner.scanJars At least one JAR was scanned for TLDs yet contained no TLDs. Enable debug logging for this logger for a complete list of JARs that were scanned but no TLDs were found in them. Skipping unneeded JARs during scanning can improve startup time and JSP compilation time.
03-Sep-2024 11:09:53.690 INFO [main] org.apache.catalina.startup.HostConfig.deployDirectory Deployment of web application directory [/home/infoetu/joshua.collin.etu/Bureau/S5/R5.09/tomcat/webapps/manager] has finished in [76] ms
03-Sep-2024 11:09:53.690 INFO [main] org.apache.catalina.startup.HostConfig.deployDirectory Deploying web application directory [/home/infoetu/joshua.collin.etu/Bureau/S5/R5.09/tomcat/webapps/tp5]
03-Sep-2024 11:09:53.765 INFO [main] org.apache.jasper.servlet.TldScanner.scanJars At least one JAR was scanned for TLDs yet contained no TLDs. Enable debug logging for this logger for a complete list of JARs that were scanned but no TLDs were found in them. Skipping unneeded JARs during scanning can improve startup time and JSP compilation time.
03-Sep-2024 11:09:53.767 INFO [main] org.apache.catalina.startup.HostConfig.deployDirectory Deployment of web application directory [/home/infoetu/joshua.collin.etu/Bureau/S5/R5.09/tomcat/webapps/tp5] has finished in [76] ms
03-Sep-2024 11:09:53.767 INFO [main] org.apache.catalina.startup.HostConfig.deployDirectory Deploying web application directory [/home/infoetu/joshua.collin.etu/Bureau/S5/R5.09/tomcat/webapps/host-manager]
03-Sep-2024 11:09:53.849 INFO [main] org.apache.jasper.servlet.TldScanner.scanJars At least one JAR was scanned for TLDs yet contained no TLDs. Enable debug logging for this logger for a complete list of JARs that were scanned but no TLDs were found in them. Skipping unneeded JARs during scanning can improve startup time and JSP compilation time.
03-Sep-2024 11:09:53.850 INFO [main] org.apache.catalina.startup.HostConfig.deployDirectory Deployment of web application directory [/home/infoetu/joshua.collin.etu/Bureau/S5/R5.09/tomcat/webapps/host-manager] has finished in [83] ms
03-Sep-2024 11:09:53.851 INFO [main] org.apache.catalina.startup.HostConfig.deployDirectory Deploying web application directory [/home/infoetu/joshua.collin.etu/Bureau/S5/R5.09/tomcat/webapps/examples]
03-Sep-2024 11:09:54.088 INFO [main] org.apache.jasper.servlet.TldScanner.scanJars At least one JAR was scanned for TLDs yet contained no TLDs. Enable debug logging for this logger for a complete list of JARs that were scanned but no TLDs were found in them. Skipping unneeded JARs during scanning can improve startup time and JSP compilation time.
03-Sep-2024 11:09:54.102 INFO [main] org.apache.catalina.startup.HostConfig.deployDirectory Deployment of web application directory [/home/infoetu/joshua.collin.etu/Bureau/S5/R5.09/tomcat/webapps/examples] has finished in [251] ms
03-Sep-2024 11:09:54.105 INFO [main] org.apache.coyote.AbstractProtocol.start Starting ProtocolHandler ["http-nio-8080"]
03-Sep-2024 11:09:54.111 INFO [main] org.apache.catalina.startup.Catalina.start Server startup in [919] milliseconds
03-Sep-2024 11:11:24.169 INFO [Catalina-utility-1] org.apache.catalina.core.StandardContext.reload Reloading Context with name [/tp1] has started
03-Sep-2024 11:11:24.274 INFO [Catalina-utility-1] org.apache.jasper.servlet.TldScanner.scanJars At least one JAR was scanned for TLDs yet contained no TLDs. Enable debug logging for this logger for a complete list of JARs that were scanned but no TLDs were found in them. Skipping unneeded JARs during scanning can improve startup time and JSP compilation time.
03-Sep-2024 11:11:24.275 INFO [Catalina-utility-1] org.apache.catalina.core.StandardContext.reload Reloading Context with name [/tp1] is completed
03-Sep-2024 11:12:34.314 INFO [Catalina-utility-2] org.apache.catalina.core.StandardContext.reload Reloading Context with name [/tp1] has started
03-Sep-2024 11:12:34.410 INFO [Catalina-utility-2] org.apache.jasper.servlet.TldScanner.scanJars At least one JAR was scanned for TLDs yet contained no TLDs. Enable debug logging for this logger for a complete list of JARs that were scanned but no TLDs were found in them. Skipping unneeded JARs during scanning can improve startup time and JSP compilation time.
03-Sep-2024 11:12:34.411 INFO [Catalina-utility-2] org.apache.catalina.core.StandardContext.reload Reloading Context with name [/tp1] is completed
03-Sep-2024 11:26:54.913 INFO [Thread-1] org.apache.coyote.AbstractProtocol.pause Pausing ProtocolHandler ["http-nio-8080"]
03-Sep-2024 11:26:54.916 INFO [Thread-1] org.apache.catalina.core.StandardService.stopInternal Stopping service [Catalina]
03-Sep-2024 11:26:54.928 INFO [Thread-1] org.apache.coyote.AbstractProtocol.stop Stopping ProtocolHandler ["http-nio-8080"]
03-Sep-2024 11:26:54.939 INFO [Thread-1] org.apache.coyote.AbstractProtocol.destroy Destroying ProtocolHandler ["http-nio-8080"]
03-Sep-2024 11:26:56.656 INFO [main] org.apache.catalina.startup.VersionLoggerListener.log Server version name:   Apache Tomcat/10.1.28
03-Sep-2024 11:26:56.658 INFO [main] org.apache.catalina.startup.VersionLoggerListener.log Server built:          Aug 2 2024 15:14:43 UTC
03-Sep-2024 11:26:56.658 INFO [main] org.apache.catalina.startup.VersionLoggerListener.log Server version number: 10.1.28.0
03-Sep-2024 11:26:56.658 INFO [main] org.apache.catalina.startup.VersionLoggerListener.log OS Name:               Linux
03-Sep-2024 11:26:56.658 INFO [main] org.apache.catalina.startup.VersionLoggerListener.log OS Version:            6.1.0-23-amd64
03-Sep-2024 11:26:56.658 INFO [main] org.apache.catalina.startup.VersionLoggerListener.log Architecture:          amd64
03-Sep-2024 11:26:56.659 INFO [main] org.apache.catalina.startup.VersionLoggerListener.log Java Home:             /usr/lib/jvm/java-17-openjdk-amd64
03-Sep-2024 11:26:56.659 INFO [main] org.apache.catalina.startup.VersionLoggerListener.log JVM Version:           17.0.12+7-Debian-2deb12u1
03-Sep-2024 11:26:56.659 INFO [main] org.apache.catalina.startup.VersionLoggerListener.log JVM Vendor:            Debian
03-Sep-2024 11:26:56.659 INFO [main] org.apache.catalina.startup.VersionLoggerListener.log CATALINA_BASE:         /home/infoetu/joshua.collin.etu/Bureau/S5/R5.09/tomcat
03-Sep-2024 11:26:56.659 INFO [main] org.apache.catalina.startup.VersionLoggerListener.log CATALINA_HOME:         /home/infoetu/joshua.collin.etu/Bureau/S5/R5.09/tomcat
03-Sep-2024 11:26:56.664 INFO [main] org.apache.catalina.startup.VersionLoggerListener.log Command line argument: -Djava.util.logging.config.file=/home/infoetu/joshua.collin.etu/Bureau/S5/R5.09/tomcat/conf/logging.properties
03-Sep-2024 11:26:56.664 INFO [main] org.apache.catalina.startup.VersionLoggerListener.log Command line argument: -Djava.util.logging.manager=org.apache.juli.ClassLoaderLogManager
03-Sep-2024 11:26:56.664 INFO [main] org.apache.catalina.startup.VersionLoggerListener.log Command line argument: -Djdk.tls.ephemeralDHKeySize=2048
03-Sep-2024 11:26:56.664 INFO [main] org.apache.catalina.startup.VersionLoggerListener.log Command line argument: -Djava.protocol.handler.pkgs=org.apache.catalina.webresources
03-Sep-2024 11:26:56.664 INFO [main] org.apache.catalina.startup.VersionLoggerListener.log Command line argument: -Dorg.apache.catalina.security.SecurityListener.UMASK=0027
03-Sep-2024 11:26:56.664 INFO [main] org.apache.catalina.startup.VersionLoggerListener.log Command line argument: --add-opens=java.base/java.lang=ALL-UNNAMED
03-Sep-2024 11:26:56.664 INFO [main] org.apache.catalina.startup.VersionLoggerListener.log Command line argument: --add-opens=java.base/java.io=ALL-UNNAMED
03-Sep-2024 11:26:56.665 INFO [main] org.apache.catalina.startup.VersionLoggerListener.log Command line argument: --add-opens=java.base/java.util=ALL-UNNAMED
03-Sep-2024 11:26:56.665 INFO [main] org.apache.catalina.startup.VersionLoggerListener.log Command line argument: --add-opens=java.base/java.util.concurrent=ALL-UNNAMED
03-Sep-2024 11:26:56.665 INFO [main] org.apache.catalina.startup.VersionLoggerListener.log Command line argument: --add-opens=java.rmi/sun.rmi.transport=ALL-UNNAMED
03-Sep-2024 11:26:56.665 INFO [main] org.apache.catalina.startup.VersionLoggerListener.log Command line argument: -Dcatalina.base=/home/infoetu/joshua.collin.etu/Bureau/S5/R5.09/tomcat
03-Sep-2024 11:26:56.665 INFO [main] org.apache.catalina.startup.VersionLoggerListener.log Command line argument: -Dcatalina.home=/home/infoetu/joshua.collin.etu/Bureau/S5/R5.09/tomcat
03-Sep-2024 11:26:56.665 INFO [main] org.apache.catalina.startup.VersionLoggerListener.log Command line argument: -Djava.io.tmpdir=/home/infoetu/joshua.collin.etu/Bureau/S5/R5.09/tomcat/temp
03-Sep-2024 11:26:56.667 INFO [main] org.apache.catalina.core.AprLifecycleListener.lifecycleEvent The Apache Tomcat Native library which allows using OpenSSL was not found on the java.library.path: [/usr/java/packages/lib:/usr/lib/x86_64-linux-gnu/jni:/lib/x86_64-linux-gnu:/usr/lib/x86_64-linux-gnu:/usr/lib/jni:/lib:/usr/lib]
03-Sep-2024 11:26:56.816 INFO [main] org.apache.coyote.AbstractProtocol.init Initializing ProtocolHandler ["http-nio-8080"]
03-Sep-2024 11:26:56.830 INFO [main] org.apache.catalina.startup.Catalina.load Server initialization in [265] milliseconds
03-Sep-2024 11:26:56.852 INFO [main] org.apache.catalina.core.StandardService.startInternal Starting service [Catalina]
03-Sep-2024 11:26:56.852 INFO [main] org.apache.catalina.core.StandardEngine.startInternal Starting Servlet engine: [Apache Tomcat/10.1.28]
03-Sep-2024 11:26:56.857 INFO [main] org.apache.catalina.startup.HostConfig.deployDirectory Deploying web application directory [/home/infoetu/joshua.collin.etu/Bureau/S5/R5.09/tomcat/webapps/tp1]
03-Sep-2024 11:26:57.096 INFO [main] org.apache.jasper.servlet.TldScanner.scanJars At least one JAR was scanned for TLDs yet contained no TLDs. Enable debug logging for this logger for a complete list of JARs that were scanned but no TLDs were found in them. Skipping unneeded JARs during scanning can improve startup time and JSP compilation time.
03-Sep-2024 11:26:57.114 INFO [main] org.apache.catalina.startup.HostConfig.deployDirectory Deployment of web application directory [/home/infoetu/joshua.collin.etu/Bureau/S5/R5.09/tomcat/webapps/tp1] has finished in [257] ms
03-Sep-2024 11:26:57.114 INFO [main] org.apache.catalina.startup.HostConfig.deployDirectory Deploying web application directory [/home/infoetu/joshua.collin.etu/Bureau/S5/R5.09/tomcat/webapps/ROOT]
03-Sep-2024 11:26:57.189 INFO [main] org.apache.jasper.servlet.TldScanner.scanJars At least one JAR was scanned for TLDs yet contained no TLDs. Enable debug logging for this logger for a complete list of JARs that were scanned but no TLDs were found in them. Skipping unneeded JARs during scanning can improve startup time and JSP compilation time.
03-Sep-2024 11:26:57.190 INFO [main] org.apache.catalina.startup.HostConfig.deployDirectory Deployment of web application directory [/home/infoetu/joshua.collin.etu/Bureau/S5/R5.09/tomcat/webapps/ROOT] has finished in [76] ms
03-Sep-2024 11:26:57.191 INFO [main] org.apache.catalina.startup.HostConfig.deployDirectory Deploying web application directory [/home/infoetu/joshua.collin.etu/Bureau/S5/R5.09/tomcat/webapps/docs]
03-Sep-2024 11:26:57.269 INFO [main] org.apache.jasper.servlet.TldScanner.scanJars At least one JAR was scanned for TLDs yet contained no TLDs. Enable debug logging for this logger for a complete list of JARs that were scanned but no TLDs were found in them. Skipping unneeded JARs during scanning can improve startup time and JSP compilation time.
03-Sep-2024 11:26:57.270 INFO [main] org.apache.catalina.startup.HostConfig.deployDirectory Deployment of web application directory [/home/infoetu/joshua.collin.etu/Bureau/S5/R5.09/tomcat/webapps/docs] has finished in [79] ms
03-Sep-2024 11:26:57.270 INFO [main] org.apache.catalina.startup.HostConfig.deployDirectory Deploying web application directory [/home/infoetu/joshua.collin.etu/Bureau/S5/R5.09/tomcat/webapps/manager]
03-Sep-2024 11:26:57.355 INFO [main] org.apache.jasper.servlet.TldScanner.scanJars At least one JAR was scanned for TLDs yet contained no TLDs. Enable debug logging for this logger for a complete list of JARs that were scanned but no TLDs were found in them. Skipping unneeded JARs during scanning can improve startup time and JSP compilation time.
03-Sep-2024 11:26:57.358 INFO [main] org.apache.catalina.startup.HostConfig.deployDirectory Deployment of web application directory [/home/infoetu/joshua.collin.etu/Bureau/S5/R5.09/tomcat/webapps/manager] has finished in [88] ms
03-Sep-2024 11:26:57.358 INFO [main] org.apache.catalina.startup.HostConfig.deployDirectory Deploying web application directory [/home/infoetu/joshua.collin.etu/Bureau/S5/R5.09/tomcat/webapps/tp5]
03-Sep-2024 11:26:57.430 INFO [main] org.apache.jasper.servlet.TldScanner.scanJars At least one JAR was scanned for TLDs yet contained no TLDs. Enable debug logging for this logger for a complete list of JARs that were scanned but no TLDs were found in them. Skipping unneeded JARs during scanning can improve startup time and JSP compilation time.
03-Sep-2024 11:26:57.431 INFO [main] org.apache.catalina.startup.HostConfig.deployDirectory Deployment of web application directory [/home/infoetu/joshua.collin.etu/Bureau/S5/R5.09/tomcat/webapps/tp5] has finished in [73] ms
03-Sep-2024 11:26:57.432 INFO [main] org.apache.catalina.startup.HostConfig.deployDirectory Deploying web application directory [/home/infoetu/joshua.collin.etu/Bureau/S5/R5.09/tomcat/webapps/host-manager]
03-Sep-2024 11:26:57.507 INFO [main] org.apache.jasper.servlet.TldScanner.scanJars At least one JAR was scanned for TLDs yet contained no TLDs. Enable debug logging for this logger for a complete list of JARs that were scanned but no TLDs were found in them. Skipping unneeded JARs during scanning can improve startup time and JSP compilation time.
03-Sep-2024 11:26:57.508 INFO [main] org.apache.catalina.startup.HostConfig.deployDirectory Deployment of web application directory [/home/infoetu/joshua.collin.etu/Bureau/S5/R5.09/tomcat/webapps/host-manager] has finished in [76] ms
03-Sep-2024 11:26:57.508 INFO [main] org.apache.catalina.startup.HostConfig.deployDirectory Deploying web application directory [/home/infoetu/joshua.collin.etu/Bureau/S5/R5.09/tomcat/webapps/examples]
03-Sep-2024 11:26:57.727 INFO [main] org.apache.jasper.servlet.TldScanner.scanJars At least one JAR was scanned for TLDs yet contained no TLDs. Enable debug logging for this logger for a complete list of JARs that were scanned but no TLDs were found in them. Skipping unneeded JARs during scanning can improve startup time and JSP compilation time.
03-Sep-2024 11:26:57.740 INFO [main] org.apache.catalina.startup.HostConfig.deployDirectory Deployment of web application directory [/home/infoetu/joshua.collin.etu/Bureau/S5/R5.09/tomcat/webapps/examples] has finished in [231] ms
03-Sep-2024 11:26:57.742 INFO [main] org.apache.coyote.AbstractProtocol.start Starting ProtocolHandler ["http-nio-8080"]
03-Sep-2024 11:26:57.747 INFO [main] org.apache.catalina.startup.Catalina.start Server startup in [917] milliseconds
03-Sep-2024 11:27:57.797 INFO [Catalina-utility-2] org.apache.catalina.core.StandardContext.reload Reloading Context with name [/tp1] has started
03-Sep-2024 11:27:57.911 INFO [Catalina-utility-2] org.apache.jasper.servlet.TldScanner.scanJars At least one JAR was scanned for TLDs yet contained no TLDs. Enable debug logging for this logger for a complete list of JARs that were scanned but no TLDs were found in them. Skipping unneeded JARs during scanning can improve startup time and JSP compilation time.
03-Sep-2024 11:27:57.912 INFO [Catalina-utility-2] org.apache.catalina.core.StandardContext.reload Reloading Context with name [/tp1] is completed
03-Sep-2024 11:30:48.034 INFO [Catalina-utility-2] org.apache.catalina.core.StandardContext.reload Reloading Context with name [/tp1] has started
03-Sep-2024 11:30:48.139 INFO [Catalina-utility-2] org.apache.jasper.servlet.TldScanner.scanJars At least one JAR was scanned for TLDs yet contained no TLDs. Enable debug logging for this logger for a complete list of JARs that were scanned but no TLDs were found in them. Skipping unneeded JARs during scanning can improve startup time and JSP compilation time.
03-Sep-2024 11:30:48.140 INFO [Catalina-utility-2] org.apache.catalina.core.StandardContext.reload Reloading Context with name [/tp1] is completed
03-Sep-2024 11:35:18.334 INFO [Catalina-utility-1] org.apache.catalina.core.StandardContext.reload Reloading Context with name [/tp1] has started
03-Sep-2024 11:35:18.409 INFO [Catalina-utility-1] org.apache.jasper.servlet.TldScanner.scanJars At least one JAR was scanned for TLDs yet contained no TLDs. Enable debug logging for this logger for a complete list of JARs that were scanned but no TLDs were found in them. Skipping unneeded JARs during scanning can improve startup time and JSP compilation time.
03-Sep-2024 11:35:18.410 INFO [Catalina-utility-1] org.apache.catalina.core.StandardContext.reload Reloading Context with name [/tp1] is completed
03-Sep-2024 11:37:48.515 INFO [Catalina-utility-1] org.apache.catalina.core.StandardContext.reload Reloading Context with name [/tp1] has started
03-Sep-2024 11:37:48.615 INFO [Catalina-utility-1] org.apache.jasper.servlet.TldScanner.scanJars At least one JAR was scanned for TLDs yet contained no TLDs. Enable debug logging for this logger for a complete list of JARs that were scanned but no TLDs were found in them. Skipping unneeded JARs during scanning can improve startup time and JSP compilation time.
03-Sep-2024 11:37:48.616 INFO [Catalina-utility-1] org.apache.catalina.core.StandardContext.reload Reloading Context with name [/tp1] is completed
03-Sep-2024 11:41:28.789 INFO [Catalina-utility-2] org.apache.catalina.core.StandardContext.reload Reloading Context with name [/tp1] has started
03-Sep-2024 11:41:28.870 INFO [Catalina-utility-2] org.apache.jasper.servlet.TldScanner.scanJars At least one JAR was scanned for TLDs yet contained no TLDs. Enable debug logging for this logger for a complete list of JARs that were scanned but no TLDs were found in them. Skipping unneeded JARs during scanning can improve startup time and JSP compilation time.
03-Sep-2024 11:41:28.871 INFO [Catalina-utility-2] org.apache.catalina.core.StandardContext.reload Reloading Context with name [/tp1] is completed
03-Sep-2024 11:43:18.928 INFO [Catalina-utility-1] org.apache.catalina.core.StandardContext.reload Reloading Context with name [/tp1] has started
03-Sep-2024 11:43:19.026 INFO [Catalina-utility-1] org.apache.jasper.servlet.TldScanner.scanJars At least one JAR was scanned for TLDs yet contained no TLDs. Enable debug logging for this logger for a complete list of JARs that were scanned but no TLDs were found in them. Skipping unneeded JARs during scanning can improve startup time and JSP compilation time.
03-Sep-2024 11:43:19.027 INFO [Catalina-utility-1] org.apache.catalina.core.StandardContext.reload Reloading Context with name [/tp1] is completed
03-Sep-2024 11:44:49.082 INFO [Catalina-utility-1] org.apache.catalina.core.StandardContext.reload Reloading Context with name [/tp1] has started
03-Sep-2024 11:44:49.185 INFO [Catalina-utility-1] org.apache.jasper.servlet.TldScanner.scanJars At least one JAR was scanned for TLDs yet contained no TLDs. Enable debug logging for this logger for a complete list of JARs that were scanned but no TLDs were found in them. Skipping unneeded JARs during scanning can improve startup time and JSP compilation time.
03-Sep-2024 11:44:49.186 INFO [Catalina-utility-1] org.apache.catalina.core.StandardContext.reload Reloading Context with name [/tp1] is completed
03-Sep-2024 11:45:59.224 INFO [Catalina-utility-1] org.apache.catalina.core.StandardContext.reload Reloading Context with name [/tp1] has started
03-Sep-2024 11:45:59.288 INFO [Catalina-utility-1] org.apache.jasper.servlet.TldScanner.scanJars At least one JAR was scanned for TLDs yet contained no TLDs. Enable debug logging for this logger for a complete list of JARs that were scanned but no TLDs were found in them. Skipping unneeded JARs during scanning can improve startup time and JSP compilation time.
03-Sep-2024 11:45:59.289 INFO [Catalina-utility-1] org.apache.catalina.core.StandardContext.reload Reloading Context with name [/tp1] is completed
03-Sep-2024 11:47:59.371 INFO [Catalina-utility-1] org.apache.catalina.core.StandardContext.reload Reloading Context with name [/tp1] has started
03-Sep-2024 11:47:59.462 INFO [Catalina-utility-1] org.apache.jasper.servlet.TldScanner.scanJars At least one JAR was scanned for TLDs yet contained no TLDs. Enable debug logging for this logger for a complete list of JARs that were scanned but no TLDs were found in them. Skipping unneeded JARs during scanning can improve startup time and JSP compilation time.
03-Sep-2024 11:47:59.463 INFO [Catalina-utility-1] org.apache.catalina.core.StandardContext.reload Reloading Context with name [/tp1] is completed
03-Sep-2024 11:48:49.492 INFO [Catalina-utility-2] org.apache.catalina.core.StandardContext.reload Reloading Context with name [/tp1] has started
03-Sep-2024 11:48:49.561 INFO [Catalina-utility-2] org.apache.jasper.servlet.TldScanner.scanJars At least one JAR was scanned for TLDs yet contained no TLDs. Enable debug logging for this logger for a complete list of JARs that were scanned but no TLDs were found in them. Skipping unneeded JARs during scanning can improve startup time and JSP compilation time.
03-Sep-2024 11:48:49.561 INFO [Catalina-utility-2] org.apache.catalina.core.StandardContext.reload Reloading Context with name [/tp1] is completed
03-Sep-2024 11:54:19.783 INFO [Catalina-utility-1] org.apache.catalina.core.StandardContext.reload Reloading Context with name [/tp1] has started
03-Sep-2024 11:54:19.883 INFO [Catalina-utility-1] org.apache.jasper.servlet.TldScanner.scanJars At least one JAR was scanned for TLDs yet contained no TLDs. Enable debug logging for this logger for a complete list of JARs that were scanned but no TLDs were found in them. Skipping unneeded JARs during scanning can improve startup time and JSP compilation time.
03-Sep-2024 11:54:19.884 INFO [Catalina-utility-1] org.apache.catalina.core.StandardContext.reload Reloading Context with name [/tp1] is completed
03-Sep-2024 11:56:09.953 INFO [Catalina-utility-1] org.apache.catalina.core.StandardContext.reload Reloading Context with name [/tp1] has started
03-Sep-2024 11:56:10.052 INFO [Catalina-utility-1] org.apache.jasper.servlet.TldScanner.scanJars At least one JAR was scanned for TLDs yet contained no TLDs. Enable debug logging for this logger for a complete list of JARs that were scanned but no TLDs were found in them. Skipping unneeded JARs during scanning can improve startup time and JSP compilation time.
03-Sep-2024 11:56:10.053 INFO [Catalina-utility-1] org.apache.catalina.core.StandardContext.reload Reloading Context with name [/tp1] is completed
03-Sep-2024 12:00:37.716 INFO [Thread-1] org.apache.coyote.AbstractProtocol.pause Pausing ProtocolHandler ["http-nio-8080"]
03-Sep-2024 12:00:37.717 INFO [Thread-1] org.apache.catalina.core.StandardService.stopInternal Stopping service [Catalina]
03-Sep-2024 12:00:37.734 INFO [Thread-1] org.apache.coyote.AbstractProtocol.stop Stopping ProtocolHandler ["http-nio-8080"]
03-Sep-2024 12:00:37.740 INFO [Thread-1] org.apache.coyote.AbstractProtocol.destroy Destroying ProtocolHandler ["http-nio-8080"]
