10-Sep-2024 09:26:40.868 INFO [main] org.apache.catalina.core.ApplicationContext.log ContextListener: contextInitialized()
10-Sep-2024 09:26:40.868 INFO [main] org.apache.catalina.core.ApplicationContext.log SessionListener: contextInitialized()
10-Sep-2024 09:26:40.869 INFO [main] org.apache.catalina.core.ApplicationContext.log ContextListener: attributeAdded('StockTicker', 'async.Stockticker@56c42964')
10-Sep-2024 09:37:27.797 INFO [Thread-1] org.apache.catalina.core.ApplicationContext.log SessionListener: contextDestroyed()
10-Sep-2024 09:37:27.797 INFO [Thread-1] org.apache.catalina.core.ApplicationContext.log ContextListener: contextDestroyed()
10-Sep-2024 09:37:30.155 INFO [main] org.apache.catalina.core.ApplicationContext.log ContextListener: contextInitialized()
10-Sep-2024 09:37:30.155 INFO [main] org.apache.catalina.core.ApplicationContext.log SessionListener: contextInitialized()
10-Sep-2024 09:37:30.156 INFO [main] org.apache.catalina.core.ApplicationContext.log ContextListener: attributeAdded('StockTicker', 'async.Stockticker@c732e1c')
10-Sep-2024 10:01:18.956 INFO [Thread-1] org.apache.catalina.core.ApplicationContext.log SessionListener: contextDestroyed()
10-Sep-2024 10:01:18.956 INFO [Thread-1] org.apache.catalina.core.ApplicationContext.log ContextListener: contextDestroyed()
10-Sep-2024 10:01:21.327 INFO [main] org.apache.catalina.core.ApplicationContext.log ContextListener: contextInitialized()
10-Sep-2024 10:01:21.327 INFO [main] org.apache.catalina.core.ApplicationContext.log SessionListener: contextInitialized()
10-Sep-2024 10:01:21.328 INFO [main] org.apache.catalina.core.ApplicationContext.log ContextListener: attributeAdded('StockTicker', 'async.Stockticker@4cfcac13')
10-Sep-2024 10:14:01.491 INFO [Thread-1] org.apache.catalina.core.ApplicationContext.log SessionListener: contextDestroyed()
10-Sep-2024 10:14:01.491 INFO [Thread-1] org.apache.catalina.core.ApplicationContext.log ContextListener: contextDestroyed()
10-Sep-2024 10:14:03.749 INFO [main] org.apache.catalina.core.ApplicationContext.log ContextListener: contextInitialized()
10-Sep-2024 10:14:03.749 INFO [main] org.apache.catalina.core.ApplicationContext.log SessionListener: contextInitialized()
10-Sep-2024 10:14:03.750 INFO [main] org.apache.catalina.core.ApplicationContext.log ContextListener: attributeAdded('StockTicker', 'async.Stockticker@17884d')
10-Sep-2024 10:17:21.973 INFO [Thread-1] org.apache.catalina.core.ApplicationContext.log SessionListener: contextDestroyed()
10-Sep-2024 10:17:21.973 INFO [Thread-1] org.apache.catalina.core.ApplicationContext.log ContextListener: contextDestroyed()
10-Sep-2024 10:17:26.694 INFO [main] org.apache.catalina.core.ApplicationContext.log ContextListener: contextInitialized()
10-Sep-2024 10:17:26.694 INFO [main] org.apache.catalina.core.ApplicationContext.log SessionListener: contextInitialized()
10-Sep-2024 10:17:26.695 INFO [main] org.apache.catalina.core.ApplicationContext.log ContextListener: attributeAdded('StockTicker', 'async.Stockticker@22c8ee48')
10-Sep-2024 10:22:33.479 INFO [Thread-1] org.apache.catalina.core.ApplicationContext.log SessionListener: contextDestroyed()
10-Sep-2024 10:22:33.480 INFO [Thread-1] org.apache.catalina.core.ApplicationContext.log ContextListener: contextDestroyed()
10-Sep-2024 10:22:36.210 INFO [main] org.apache.catalina.core.ApplicationContext.log ContextListener: contextInitialized()
10-Sep-2024 10:22:36.210 INFO [main] org.apache.catalina.core.ApplicationContext.log SessionListener: contextInitialized()
10-Sep-2024 10:22:36.211 INFO [main] org.apache.catalina.core.ApplicationContext.log ContextListener: attributeAdded('StockTicker', 'async.Stockticker@4cfcac13')
10-Sep-2024 11:07:20.559 INFO [Thread-1] org.apache.catalina.core.ApplicationContext.log SessionListener: contextDestroyed()
10-Sep-2024 11:07:20.559 INFO [Thread-1] org.apache.catalina.core.ApplicationContext.log ContextListener: contextDestroyed()
10-Sep-2024 11:07:25.704 INFO [main] org.apache.catalina.core.ApplicationContext.log ContextListener: contextInitialized()
10-Sep-2024 11:07:25.704 INFO [main] org.apache.catalina.core.ApplicationContext.log SessionListener: contextInitialized()
10-Sep-2024 11:07:25.705 INFO [main] org.apache.catalina.core.ApplicationContext.log ContextListener: attributeAdded('StockTicker', 'async.Stockticker@467ef400')
10-Sep-2024 11:09:32.240 INFO [Thread-1] org.apache.catalina.core.ApplicationContext.log SessionListener: contextDestroyed()
10-Sep-2024 11:09:32.240 INFO [Thread-1] org.apache.catalina.core.ApplicationContext.log ContextListener: contextDestroyed()
10-Sep-2024 11:09:35.610 INFO [main] org.apache.catalina.core.ApplicationContext.log ContextListener: contextInitialized()
10-Sep-2024 11:09:35.610 INFO [main] org.apache.catalina.core.ApplicationContext.log SessionListener: contextInitialized()
10-Sep-2024 11:09:35.611 INFO [main] org.apache.catalina.core.ApplicationContext.log ContextListener: attributeAdded('StockTicker', 'async.Stockticker@18715bb')
10-Sep-2024 11:14:33.950 INFO [Thread-1] org.apache.catalina.core.ApplicationContext.log SessionListener: contextDestroyed()
10-Sep-2024 11:14:33.950 INFO [Thread-1] org.apache.catalina.core.ApplicationContext.log ContextListener: contextDestroyed()
10-Sep-2024 11:14:36.991 INFO [main] org.apache.catalina.core.ApplicationContext.log ContextListener: contextInitialized()
10-Sep-2024 11:14:36.991 INFO [main] org.apache.catalina.core.ApplicationContext.log SessionListener: contextInitialized()
10-Sep-2024 11:14:36.992 INFO [main] org.apache.catalina.core.ApplicationContext.log ContextListener: attributeAdded('StockTicker', 'async.Stockticker@44bbb7c6')
10-Sep-2024 11:24:09.104 INFO [Thread-1] org.apache.catalina.core.ApplicationContext.log SessionListener: contextDestroyed()
10-Sep-2024 11:24:09.104 INFO [Thread-1] org.apache.catalina.core.ApplicationContext.log ContextListener: contextDestroyed()
10-Sep-2024 11:24:11.432 INFO [main] org.apache.catalina.core.ApplicationContext.log ContextListener: contextInitialized()
10-Sep-2024 11:24:11.432 INFO [main] org.apache.catalina.core.ApplicationContext.log SessionListener: contextInitialized()
10-Sep-2024 11:24:11.433 INFO [main] org.apache.catalina.core.ApplicationContext.log ContextListener: attributeAdded('StockTicker', 'async.Stockticker@d62472f')
10-Sep-2024 11:24:55.242 INFO [Thread-1] org.apache.catalina.core.ApplicationContext.log SessionListener: contextDestroyed()
10-Sep-2024 11:24:55.242 INFO [Thread-1] org.apache.catalina.core.ApplicationContext.log ContextListener: contextDestroyed()
10-Sep-2024 11:24:57.298 INFO [main] org.apache.catalina.core.ApplicationContext.log ContextListener: contextInitialized()
10-Sep-2024 11:24:57.298 INFO [main] org.apache.catalina.core.ApplicationContext.log SessionListener: contextInitialized()
10-Sep-2024 11:24:57.299 INFO [main] org.apache.catalina.core.ApplicationContext.log ContextListener: attributeAdded('StockTicker', 'async.Stockticker@1999149e')
10-Sep-2024 11:31:36.824 INFO [Thread-1] org.apache.catalina.core.ApplicationContext.log SessionListener: contextDestroyed()
10-Sep-2024 11:31:36.824 INFO [Thread-1] org.apache.catalina.core.ApplicationContext.log ContextListener: contextDestroyed()
10-Sep-2024 11:31:39.728 INFO [main] org.apache.catalina.core.ApplicationContext.log ContextListener: contextInitialized()
10-Sep-2024 11:31:39.728 INFO [main] org.apache.catalina.core.ApplicationContext.log SessionListener: contextInitialized()
10-Sep-2024 11:31:39.730 INFO [main] org.apache.catalina.core.ApplicationContext.log ContextListener: attributeAdded('StockTicker', 'async.Stockticker@2964511')
10-Sep-2024 11:56:42.872 INFO [Thread-1] org.apache.catalina.core.ApplicationContext.log SessionListener: contextDestroyed()
10-Sep-2024 11:56:42.872 INFO [Thread-1] org.apache.catalina.core.ApplicationContext.log ContextListener: contextDestroyed()
