03-Sep-2024 10:07:13.206 INFO [main] org.apache.catalina.core.ApplicationContext.log ContextListener: contextInitialized()
03-Sep-2024 10:07:13.206 INFO [main] org.apache.catalina.core.ApplicationContext.log SessionListener: contextInitialized()
03-Sep-2024 10:07:13.207 INFO [main] org.apache.catalina.core.ApplicationContext.log ContextListener: attributeAdded('StockTicker', 'async.Stockticker@b06d46d')
03-Sep-2024 10:26:55.101 INFO [Thread-1] org.apache.catalina.core.ApplicationContext.log SessionListener: contextDestroyed()
03-Sep-2024 10:26:55.101 INFO [Thread-1] org.apache.catalina.core.ApplicationContext.log ContextListener: contextDestroyed()
03-Sep-2024 10:26:57.714 INFO [main] org.apache.catalina.core.ApplicationContext.log ContextListener: contextInitialized()
03-Sep-2024 10:26:57.714 INFO [main] org.apache.catalina.core.ApplicationContext.log SessionListener: contextInitialized()
03-Sep-2024 10:26:57.716 INFO [main] org.apache.catalina.core.ApplicationContext.log ContextListener: attributeAdded('StockTicker', 'async.Stockticker@be6d228')
03-Sep-2024 10:34:02.976 INFO [Thread-1] org.apache.catalina.core.ApplicationContext.log SessionListener: contextDestroyed()
03-Sep-2024 10:34:02.976 INFO [Thread-1] org.apache.catalina.core.ApplicationContext.log ContextListener: contextDestroyed()
03-Sep-2024 10:34:07.858 INFO [main] org.apache.catalina.core.ApplicationContext.log ContextListener: contextInitialized()
03-Sep-2024 10:34:07.858 INFO [main] org.apache.catalina.core.ApplicationContext.log SessionListener: contextInitialized()
03-Sep-2024 10:34:07.859 INFO [main] org.apache.catalina.core.ApplicationContext.log ContextListener: attributeAdded('StockTicker', 'async.Stockticker@8432469')
03-Sep-2024 11:09:50.092 INFO [Thread-1] org.apache.catalina.core.ApplicationContext.log SessionListener: contextDestroyed()
03-Sep-2024 11:09:50.092 INFO [Thread-1] org.apache.catalina.core.ApplicationContext.log ContextListener: contextDestroyed()
03-Sep-2024 11:09:54.097 INFO [main] org.apache.catalina.core.ApplicationContext.log ContextListener: contextInitialized()
03-Sep-2024 11:09:54.098 INFO [main] org.apache.catalina.core.ApplicationContext.log SessionListener: contextInitialized()
03-Sep-2024 11:09:54.099 INFO [main] org.apache.catalina.core.ApplicationContext.log ContextListener: attributeAdded('StockTicker', 'async.Stockticker@be6d228')
03-Sep-2024 11:26:54.921 INFO [Thread-1] org.apache.catalina.core.ApplicationContext.log SessionListener: contextDestroyed()
03-Sep-2024 11:26:54.921 INFO [Thread-1] org.apache.catalina.core.ApplicationContext.log ContextListener: contextDestroyed()
03-Sep-2024 11:26:57.736 INFO [main] org.apache.catalina.core.ApplicationContext.log ContextListener: contextInitialized()
03-Sep-2024 11:26:57.736 INFO [main] org.apache.catalina.core.ApplicationContext.log SessionListener: contextInitialized()
03-Sep-2024 11:26:57.737 INFO [main] org.apache.catalina.core.ApplicationContext.log ContextListener: attributeAdded('StockTicker', 'async.Stockticker@60c96eb4')
03-Sep-2024 12:00:37.724 INFO [Thread-1] org.apache.catalina.core.ApplicationContext.log SessionListener: contextDestroyed()
03-Sep-2024 12:00:37.724 INFO [Thread-1] org.apache.catalina.core.ApplicationContext.log ContextListener: contextDestroyed()
